<?xml version="1.0" encoding="UTF-8"?>
<testsuite name="Nightly Tests" tests="9" failures="1" skipped="0" time="337.303" session_id="e13b71db">
  <testcase classname="TestSuite" name="Serial Communication Test" time="88.499">
  </testcase>
  <testcase classname="TestSuite" name="Ethernet Basic Test" time="25.280">
  </testcase>
  <testcase classname="TestSuite" name="SNMP Test" time="11.154">
  </testcase>
  <testcase classname="TestSuite" name="Network PCAP Test" time="21.433">
    <failure message="Test failed (exit code: 1)"/>
  </testcase>
  <testcase classname="TestSuite" name="PCAP Capture Test" time="6.361">
  </testcase>
  <testcase classname="TestSuite" name="PCAP Create Test" time="2.750">
  </testcase>
  <testcase classname="TestSuite" name="EEPROM Persistence Test" time="89.654">
  </testcase>
  <testcase classname="TestSuite" name="Power Meter HLW8032 Test" time="41.776">
  </testcase>
  <testcase classname="TestSuite" name="Stress Test - Rapid Switching" time="50.393">
  </testcase>
</testsuite>