<?xml version="1.0" encoding="UTF-8"?>
<testsuite name="Nightly Tests" tests="9" failures="0" skipped="0" time="338.985" session_id="fc885d07">
  <testcase classname="TestSuite" name="Serial Communication Test" time="88.604">
  </testcase>
  <testcase classname="TestSuite" name="Ethernet Basic Test" time="22.882">
  </testcase>
  <testcase classname="TestSuite" name="SNMP Test" time="11.168">
  </testcase>
  <testcase classname="TestSuite" name="Network PCAP Test" time="21.761">
  </testcase>
  <testcase classname="TestSuite" name="PCAP Capture Test" time="8.315">
  </testcase>
  <testcase classname="TestSuite" name="PCAP Create Test" time="4.067">
  </testcase>
  <testcase classname="TestSuite" name="EEPROM Persistence Test" time="90.499">
  </testcase>
  <testcase classname="TestSuite" name="Power Meter HLW8032 Test" time="41.282">
  </testcase>
  <testcase classname="TestSuite" name="Stress Test - Rapid Switching" time="50.404">
  </testcase>
</testsuite>