<?xml version="1.0" encoding="UTF-8"?>
<testsuite name="Nightly Tests" tests="9" failures="2" skipped="0" time="339.336" session_id="c318b894">
  <testcase classname="TestSuite" name="Serial Communication Test" time="88.112">
  </testcase>
  <testcase classname="TestSuite" name="Ethernet Basic Test" time="27.509">
    <failure message="Test failed (exit code: 1)"/>
  </testcase>
  <testcase classname="TestSuite" name="SNMP Test" time="11.116">
  </testcase>
  <testcase classname="TestSuite" name="Network PCAP Test" time="20.014">
    <failure message="Test failed (exit code: 1)"/>
  </testcase>
  <testcase classname="TestSuite" name="PCAP Capture Test" time="8.291">
  </testcase>
  <testcase classname="TestSuite" name="PCAP Create Test" time="2.737">
  </testcase>
  <testcase classname="TestSuite" name="EEPROM Persistence Test" time="89.383">
  </testcase>
  <testcase classname="TestSuite" name="Power Meter HLW8032 Test" time="41.834">
  </testcase>
  <testcase classname="TestSuite" name="Stress Test - Rapid Switching" time="50.337">
  </testcase>
</testsuite>