<?xml version="1.0" encoding="UTF-8"?>
<testsuite name="Nightly Tests" tests="9" failures="1" skipped="0" time="336.550" session_id="d2158375">
  <testcase classname="TestSuite" name="Serial Communication Test" time="88.650">
  </testcase>
  <testcase classname="TestSuite" name="Ethernet Basic Test" time="22.829">
  </testcase>
  <testcase classname="TestSuite" name="SNMP Test" time="12.548">
  </testcase>
  <testcase classname="TestSuite" name="Network PCAP Test" time="21.338">
    <failure message="Test failed (exit code: 1)"/>
  </testcase>
  <testcase classname="TestSuite" name="PCAP Capture Test" time="6.407">
  </testcase>
  <testcase classname="TestSuite" name="PCAP Create Test" time="3.719">
  </testcase>
  <testcase classname="TestSuite" name="EEPROM Persistence Test" time="89.672">
  </testcase>
  <testcase classname="TestSuite" name="Power Meter HLW8032 Test" time="41.075">
  </testcase>
  <testcase classname="TestSuite" name="Stress Test - Rapid Switching" time="50.309">
  </testcase>
</testsuite>