<?xml version="1.0" encoding="UTF-8"?>
<testsuite name="Nightly Tests" tests="9" failures="0" skipped="0" time="392.849" session_id="9555ca69">
  <testcase classname="TestSuite" name="Sanity Check Test" time="12.129">
  </testcase>
  <testcase classname="TestSuite" name="Serial Communication Test" time="75.464">
  </testcase>
  <testcase classname="TestSuite" name="SNMP Test" time="38.271">
  </testcase>
  <testcase classname="TestSuite" name="Network PCAP Test" time="37.711">
  </testcase>
  <testcase classname="TestSuite" name="PCAP Capture Test" time="16.907">
  </testcase>
  <testcase classname="TestSuite" name="PCAP Create Test" time="4.933">
  </testcase>
  <testcase classname="TestSuite" name="EEPROM Persistence Test" time="98.957">
  </testcase>
  <testcase classname="TestSuite" name="Power Meter HLW8032 Test" time="46.554">
  </testcase>
  <testcase classname="TestSuite" name="Stress Test - Rapid Switching" time="61.921">
  </testcase>
</testsuite>