<?xml version="1.0" encoding="UTF-8"?>
<testsuite name="Nightly Tests" tests="10" failures="0" skipped="0" time="574.753" session_id="1f9ff4d9">
  <testcase classname="TestSuite" name="Sanity Check Test" time="17.310">
  </testcase>
  <testcase classname="TestSuite" name="Failure Memory Test" time="111.473">
  </testcase>
  <testcase classname="TestSuite" name="Serial Communication Test" time="94.755">
  </testcase>
  <testcase classname="TestSuite" name="EEPROM Persistence Test" time="161.590">
  </testcase>
  <testcase classname="TestSuite" name="Network PCAP Test" time="42.437">
  </testcase>
  <testcase classname="TestSuite" name="Metrics Collection Test" time="38.894">
  </testcase>
  <testcase classname="TestSuite" name="PCAP Capture Test" time="20.149">
  </testcase>
  <testcase classname="TestSuite" name="PCAP Create Test" time="2.120">
  </testcase>
  <testcase classname="TestSuite" name="Power Meter HLW8032 Test" time="37.062">
  </testcase>
  <testcase classname="TestSuite" name="Stress Test - Rapid Switching" time="48.960">
  </testcase>
</testsuite>