<?xml version="1.0" encoding="UTF-8"?>
<testsuite name="Nightly Tests" tests="9" failures="1" skipped="0" time="285.792" session_id="fc4f2440">
  <testcase classname="TestSuite" name="Sanity Check Test" time="7.279">
  </testcase>
  <testcase classname="TestSuite" name="Serial Communication Test" time="54.302">
  </testcase>
  <testcase classname="TestSuite" name="SNMP Test" time="32.977">
    <failure message="Test failed (exit code: 1)"/>
  </testcase>
  <testcase classname="TestSuite" name="Network PCAP Test" time="32.755">
  </testcase>
  <testcase classname="TestSuite" name="PCAP Capture Test" time="9.520">
  </testcase>
  <testcase classname="TestSuite" name="PCAP Create Test" time="3.589">
  </testcase>
  <testcase classname="TestSuite" name="EEPROM Persistence Test" time="61.478">
  </testcase>
  <testcase classname="TestSuite" name="Power Meter HLW8032 Test" time="29.035">
  </testcase>
  <testcase classname="TestSuite" name="Stress Test - Rapid Switching" time="54.853">
  </testcase>
</testsuite>