<?xml version="1.0" encoding="UTF-8"?>
<testsuite name="ENERGIS Functional Test" tests="6" failures="2" skipped="0" time="0.0" session_id="69a99de2">
  <testcase classname="UTFW" name="PRE-STEP 1 Reboot device via UART" time="0.0">
  </testcase>
  <testcase classname="UTFW" name="STEP 1 Test power monitoring per channel with ON/OFF cycles" time="0.0">
  </testcase>
  <testcase classname="UTFW" name="STEP 1.1 Turn ON Channel 1" time="0.0">
  </testcase>
  <testcase classname="UTFW" name="STEP 1.2 Read power data for Channel 1" time="0.0">
  </testcase>
  <testcase classname="UTFW" name="STEP 1.3 Validate power response for CH1" time="0.0">
    <failure message="Test failed: Missing required tokens: V=, I=, P="/>
  </testcase>
  <testcase classname="UTFW" name="TEARDOWN 1 Ensure all outputs OFF" time="0.0">
    <failure message="Teardown failed: Failed to set ALL outlets OFF"/>
  </testcase>
</testsuite>