<?xml version="1.0" encoding="UTF-8"?>
<testsuite name="ENERGIS Functional Test" tests="3" failures="2" skipped="0" time="0.0" session_id="af2b21aa">
  <testcase classname="UTFW" name="PRE-STEP 1 Reboot device via UART" time="0.0">
  </testcase>
  <testcase classname="UTFW" name="STEP 1 Die Sensor Voltage" time="0.0">
    <failure message="Test failed: Failed to read OID 1.3.6.1.4.1.19865.3.1.0"/>
  </testcase>
  <testcase classname="UTFW" name="TEARDOWN 1 Ensure all outputs OFF" time="0.0">
    <failure message="Teardown failed: Failed to set ALL outlets OFF"/>
  </testcase>
</testsuite>